<?xml version="1.0" encoding="UTF-8"?>
<!-- Generated by org.testng.reporters.JUnitReportReporter -->
<testsuite hostname="LTIN515008" failures="0" tests="2" name="TestCase.TS001_CarLoanTest" time="5.472" errors="0" timestamp="2024-11-13T10:20:18 IST" skipped="0">
  <testcase classname="TestCase.TS001_CarLoanTest" name="carLoan" time="2.756"/>
  <testcase classname="TestCase.TS001_CarLoanTest" name="carLoan" time="2.716"/>
</testsuite> <!-- TestCase.TS001_CarLoanTest -->
