<?xml version="1.0" encoding="UTF-8"?>
<!-- Generated by org.testng.reporters.JUnitReportReporter -->
<testsuite hostname="LTIN515008" failures="0" tests="2" name="TestCase.TS002_HomeLoanTest" time="11.454" errors="0" timestamp="2024-11-13T10:20:18 IST" skipped="0">
  <testcase classname="TestCase.TS002_HomeLoanTest" name="homeloan" time="6.373"/>
  <testcase classname="TestCase.TS002_HomeLoanTest" name="homeloan" time="5.081"/>
</testsuite> <!-- TestCase.TS002_HomeLoanTest -->
