<?xml version="1.0" encoding="UTF-8"?>
<!-- Generated by org.testng.reporters.JUnitReportReporter -->
<testsuite hostname="LTIN515008" failures="0" tests="2" name="TestCase.TS003_UiValidation" time="18.959" errors="0" timestamp="2024-11-13T10:20:18 IST" skipped="0">
  <testcase classname="TestCase.TS003_UiValidation" name="uiValidation" time="9.474"/>
  <testcase classname="TestCase.TS003_UiValidation" name="uiValidation" time="9.485"/>
</testsuite> <!-- TestCase.TS003_UiValidation -->
